TN:
SF:src/controllers/petNameController.js
FN:9,generatePetNames
FN:46,generatePetNamesByAnimalType
FN:79,generateBulkPetNames
FN:113,getRecentGeneratedNames
FNF:4
FNH:0
FNDA:0,generatePetNames
FNDA:0,generatePetNamesByAnimalType
FNDA:0,generateBulkPetNames
FNDA:0,getRecentGeneratedNames
DA:10,0
DA:11,0
DA:12,0
DA:13,0
DA:16,0
DA:17,0
DA:20,0
DA:29,0
DA:30,0
DA:47,0
DA:48,0
DA:49,0
DA:50,0
DA:52,0
DA:54,0
DA:55,0
DA:57,0
DA:59,0
DA:62,0
DA:63,0
DA:80,0
DA:81,0
DA:82,0
DA:83,0
DA:86,0
DA:87,0
DA:91,0
DA:92,0
DA:95,0
DA:97,0
DA:98,0
DA:114,0
DA:115,0
DA:116,0
DA:117,0
DA:119,0
DA:128,0
DA:129,0
LF:38
LH:0
BRDA:9,0,0,0
BRDA:52,1,0,0
BRDA:52,1,1,0
BRDA:55,2,0,0
BRDA:55,2,1,0
BRDA:86,3,0,0
BRDA:86,3,1,0
BRF:7
BRH:0
end_of_record
TN:
SF:src/controllers/weatherController.js
FN:7,getWeather
FNF:1
FNH:1
FNDA:5,getWeather
DA:8,5
DA:9,5
DA:10,5
DA:12,5
DA:13,2
DA:25,3
DA:37,0
DA:38,0
LF:8
LH:6
BRDA:12,0,0,2
BRDA:12,0,1,3
BRF:2
BRH:2
end_of_record
TN:
SF:src/repositories/generatedNameRepository.js
FN:10,saveGeneratedName
FN:30,getRecentGeneratedNames
FNF:2
FNH:0
FNDA:0,saveGeneratedName
FNDA:0,getRecentGeneratedNames
DA:11,0
DA:17,0
DA:18,0
DA:19,0
DA:21,0
DA:22,0
DA:31,0
DA:38,0
DA:39,0
DA:40,0
DA:42,0
DA:43,0
LF:12
LH:0
BRDA:10,0,0,0
BRDA:10,1,0,0
BRF:2
BRH:0
end_of_record
TN:
SF:src/services/nameGenerator.js
FN:8,generatePetNames
FN:24,hasFakerAnimalMethod
FN:34,validateAnimalType
FN:93,generatePetNamesByAnimalType
FN:129,generateBulkPetNames
FNF:5
FNH:5
FNDA:10,generatePetNames
FNDA:24,hasFakerAnimalMethod
FNDA:70,validateAnimalType
FNDA:70,generatePetNamesByAnimalType
FNDA:20,generateBulkPetNames
DA:9,10
DA:11,10
DA:12,25
DA:13,25
DA:16,10
DA:25,24
DA:26,24
DA:36,70
DA:37,6
DA:43,64
DA:46,64
DA:47,3
DA:54,61
DA:55,3
DA:62,58
DA:63,8
DA:70,50
DA:71,26
DA:78,24
DA:79,10
DA:85,14
DA:95,70
DA:97,70
DA:98,56
DA:106,14
DA:109,14
DA:112,14
DA:115,14
DA:117,14
DA:131,20
DA:132,2
DA:140,18
DA:141,6
DA:149,12
DA:150,1
DA:158,11
DA:159,3
DA:167,8
DA:168,3
DA:176,5
DA:177,5
DA:178,32
DA:179,32
DA:182,5
LF:44
LH:44
BRDA:8,0,0,1
BRDA:26,1,0,24
BRDA:26,1,1,14
BRDA:26,1,2,14
BRDA:36,2,0,6
BRDA:36,2,1,64
BRDA:36,3,0,70
BRDA:36,3,1,66
BRDA:46,4,0,3
BRDA:46,4,1,61
BRDA:54,5,0,3
BRDA:54,5,1,58
BRDA:62,6,0,8
BRDA:62,6,1,50
BRDA:70,7,0,26
BRDA:70,7,1,24
BRDA:78,8,0,10
BRDA:78,8,1,14
BRDA:97,9,0,56
BRDA:97,9,1,14
BRDA:131,10,0,2
BRDA:131,10,1,18
BRDA:131,11,0,20
BRDA:131,11,1,19
BRDA:140,12,0,6
BRDA:140,12,1,12
BRDA:140,13,0,18
BRDA:140,13,1,13
BRDA:149,14,0,1
BRDA:149,14,1,11
BRDA:158,15,0,3
BRDA:158,15,1,8
BRDA:167,16,0,3
BRDA:167,16,1,5
BRDA:185,17,0,4
BRDA:185,17,1,1
BRF:36
BRH:36
end_of_record
TN:
SF:src/services/weatherService.js
FN:14,getCurrentTemperature
FNF:1
FNH:1
FNDA:5,getCurrentTemperature
DA:6,1
DA:7,1
DA:8,1
DA:15,5
DA:16,5
DA:18,5
DA:20,5
DA:22,4
DA:23,1
DA:26,3
DA:29,3
DA:30,1
DA:33,2
DA:35,2
DA:37,2
DA:44,3
DA:45,3
LF:17
LH:17
BRDA:22,0,0,1
BRDA:22,0,1,3
BRDA:29,1,0,1
BRDA:29,1,1,2
BRDA:29,2,0,3
BRDA:29,2,1,2
BRF:6
BRH:6
end_of_record
